Daily activity on Fri May 23 10:27:02 UTC 2025
Daily activity on Sat May 24 06:27:10 UTC 2025
Daily activity on Sun May 25 06:27:51 UTC 2025
Daily activity on Mon May 26 06:31:50 UTC 2025
Daily activity on Tue May 27 06:30:28 UTC 2025
Daily activity on Wed May 28 06:30:35 UTC 2025
Daily activity on Thu May 29 06:31:09 UTC 2025
Daily activity on Fri May 30 06:30:15 UTC 2025
Daily activity on Sat May 31 06:28:11 UTC 2025
Daily activity on Sun Jun  1 06:29:22 UTC 2025
Daily activity on Mon Jun  2 06:32:48 UTC 2025
Daily activity on Tue Jun  3 06:32:28 UTC 2025
Daily activity on Wed Jun  4 06:31:25 UTC 2025
Daily activity on Thu Jun  5 06:32:17 UTC 2025
Daily activity on Fri Jun  6 06:32:07 UTC 2025
Daily activity on Sat Jun  7 06:28:44 UTC 2025
Daily activity on Sun Jun  8 06:30:04 UTC 2025
Daily activity on Mon Jun  9 06:33:19 UTC 2025
Daily activity on Tue Jun 10 06:31:24 UTC 2025
Daily activity on Wed Jun 11 06:31:29 UTC 2025
Daily activity on Thu Jun 12 06:31:50 UTC 2025
Daily activity on Fri Jun 13 06:31:39 UTC 2025
Daily activity on Sat Jun 14 06:28:14 UTC 2025
Daily activity on Sun Jun 15 06:28:51 UTC 2025
Daily activity on Mon Jun 16 06:33:32 UTC 2025
Daily activity on Tue Jun 17 06:31:54 UTC 2025
Daily activity on Wed Jun 18 06:31:53 UTC 2025
Daily activity on Thu Jun 19 06:31:48 UTC 2025
Daily activity on Fri Jun 20 06:31:29 UTC 2025
Daily activity on Sat Jun 21 06:28:49 UTC 2025
Daily activity on Sun Jun 22 06:29:35 UTC 2025
Daily activity on Mon Jun 23 06:33:45 UTC 2025
Daily activity on Tue Jun 24 06:32:51 UTC 2025
Daily activity on Wed Jun 25 06:32:59 UTC 2025
Daily activity on Thu Jun 26 06:32:40 UTC 2025
Daily activity on Fri Jun 27 06:32:14 UTC 2025
Daily activity on Sat Jun 28 06:28:58 UTC 2025
Daily activity on Sun Jun 29 06:30:15 UTC 2025
Daily activity on Mon Jun 30 06:33:37 UTC 2025
Daily activity on Tue Jul  1 06:33:19 UTC 2025
Daily activity on Wed Jul  2 06:32:45 UTC 2025
Daily activity on Thu Jul  3 06:32:57 UTC 2025
